2025-04-08 01:39:43.595734 - Received CBT.V508.FILE097.PDS from FILE097.XMI 
2025-04-08 01:39:43.604235 - Found $$$#DATE.txt (text/plain) in CBT.V508.FILE097.PDS, moved to PDS/$$$#DATE
2025-04-08 01:39:43.606174 - Found @DOC.txt (text/plain) in CBT.V508.FILE097.PDS, moved to PDS/@DOC
2025-04-08 01:39:43.607693 - Found @FILE097.txt (text/plain) in CBT.V508.FILE097.PDS, moved to PDS/@FILE097
2025-04-08 01:39:43.609451 - Found CDMFD000.txt (text/plain) in CBT.V508.FILE097.PDS, moved to PDS/CDMFD000
2025-04-08 01:39:43.610922 - Found CDMFD010.txt (text/plain) in CBT.V508.FILE097.PDS, moved to PDS/CDMFD010
2025-04-08 01:39:43.612275 - Found CDMFD020.txt (text/plain) in CBT.V508.FILE097.PDS, moved to PDS/CDMFD020
2025-04-08 01:39:43.613604 - Found CDMFD030.txt (text/plain) in CBT.V508.FILE097.PDS, moved to PDS/CDMFD030
2025-04-08 01:39:43.615479 - Found CTLDM203.txt (text/plain) in CBT.V508.FILE097.PDS, moved to PDS/CTLDM203
2025-04-08 01:39:43.617053 - Found CTLDM206.txt (text/plain) in CBT.V508.FILE097.PDS, moved to PDS/CTLDM206
2025-04-08 01:39:43.618536 - Found CTLDM220.txt (text/plain) in CBT.V508.FILE097.PDS, moved to PDS/CTLDM220
2025-04-08 01:39:43.620056 - Found CTLDM230.txt (text/plain) in CBT.V508.FILE097.PDS, moved to PDS/CTLDM230
2025-04-08 01:39:43.621484 - Found CTLDM310.txt (text/plain) in CBT.V508.FILE097.PDS, moved to PDS/CTLDM310
2025-04-08 01:39:43.622745 - Found CTLDM315.txt (text/plain) in CBT.V508.FILE097.PDS, moved to PDS/CTLDM315
2025-04-08 01:39:43.624168 - Found CTLDM330.txt (text/plain) in CBT.V508.FILE097.PDS, moved to PDS/CTLDM330
2025-04-08 01:39:43.625455 - Found CTLDM350.txt (text/plain) in CBT.V508.FILE097.PDS, moved to PDS/CTLDM350
2025-04-08 01:39:43.626875 - Found CTLDM380.txt (text/plain) in CBT.V508.FILE097.PDS, moved to PDS/CTLDM380
2025-04-08 01:39:43.628186 - Found CTLMEAAM.txt (text/plain) in CBT.V508.FILE097.PDS, moved to PDS/CTLMEAAM
2025-04-08 01:39:43.629909 - Found CTLMEGRP.txt (text/plain) in CBT.V508.FILE097.PDS, moved to PDS/CTLMEGRP
2025-04-08 01:39:43.631586 - Found CTLTSOID.txt (text/plain) in CBT.V508.FILE097.PDS, moved to PDS/CTLTSOID
2025-04-08 01:39:43.633083 - Found DATCNVRT.txt (text/plain) in CBT.V508.FILE097.PDS, moved to PDS/DATCNVRT
2025-04-08 01:39:43.634687 - Found DM011SCR.txt (text/plain) in CBT.V508.FILE097.PDS, moved to PDS/DM011SCR
2025-04-08 01:39:43.636196 - Found DM100PUP.txt (text/plain) in CBT.V508.FILE097.PDS, moved to PDS/DM100PUP
2025-04-08 01:39:43.637698 - Found DM110PUP.txt (text/plain) in CBT.V508.FILE097.PDS, moved to PDS/DM110PUP
2025-04-08 01:39:43.639229 - Found DM120PUP.txt (text/plain) in CBT.V508.FILE097.PDS, moved to PDS/DM120PUP
2025-04-08 01:39:43.640932 - Found DM130PRP.txt (text/plain) in CBT.V508.FILE097.PDS, moved to PDS/DM130PRP
2025-04-08 01:39:43.642655 - Found DM140PUP.txt (text/plain) in CBT.V508.FILE097.PDS, moved to PDS/DM140PUP
2025-04-08 01:39:43.644119 - Found DM150PUP.txt (text/plain) in CBT.V508.FILE097.PDS, moved to PDS/DM150PUP
2025-04-08 01:39:43.645948 - Found DM160PRP.txt (text/plain) in CBT.V508.FILE097.PDS, moved to PDS/DM160PRP
2025-04-08 01:39:43.647689 - Found DM170PRP.txt (text/plain) in CBT.V508.FILE097.PDS, moved to PDS/DM170PRP
2025-04-08 01:39:43.649072 - Found DM190PUP.txt (text/plain) in CBT.V508.FILE097.PDS, moved to PDS/DM190PUP
2025-04-08 01:39:43.650796 - Found DM200PUP.txt (text/plain) in CBT.V508.FILE097.PDS, moved to PDS/DM200PUP
2025-04-08 01:39:43.652721 - Found DM210PRP.txt (text/plain) in CBT.V508.FILE097.PDS, moved to PDS/DM210PRP
2025-04-08 01:39:43.654226 - Found DM230PRP.txt (text/plain) in CBT.V508.FILE097.PDS, moved to PDS/DM230PRP
2025-04-08 01:39:43.656049 - Found DM298PUP.txt (text/plain) in CBT.V508.FILE097.PDS, moved to PDS/DM298PUP
2025-04-08 01:39:43.657641 - Found DM999DSU.txt (text/plain) in CBT.V508.FILE097.PDS, moved to PDS/DM999DSU
2025-04-08 01:39:43.659575 - Found DOCPROG.txt (text/plain) in CBT.V508.FILE097.PDS, moved to PDS/DOCPROG
2025-04-08 01:39:43.661407 - Found DOCUSER.txt (text/plain) in CBT.V508.FILE097.PDS, moved to PDS/DOCUSER
2025-04-08 01:39:43.663028 - Found GETCTRL.txt (text/plain) in CBT.V508.FILE097.PDS, moved to PDS/GETCTRL
2025-04-08 01:39:43.664519 - Found HSMMCDS.txt (text/plain) in CBT.V508.FILE097.PDS, moved to PDS/HSMMCDS
2025-04-08 01:39:43.666185 - Found HSMMWE.txt (text/plain) in CBT.V508.FILE097.PDS, moved to PDS/HSMMWE
2025-04-08 01:39:43.667815 - Found HSMXEQ.txt (text/plain) in CBT.V508.FILE097.PDS, moved to PDS/HSMXEQ
2025-04-08 01:39:43.669417 - Found JCLDM200.jcl (text/plain) in CBT.V508.FILE097.PDS, moved to PDS/JCLDM200
2025-04-08 01:39:43.670944 - Found JCLDM203.jcl (text/plain) in CBT.V508.FILE097.PDS, moved to PDS/JCLDM203
2025-04-08 01:39:43.672368 - Found JCLDM206.jcl (text/plain) in CBT.V508.FILE097.PDS, moved to PDS/JCLDM206
2025-04-08 01:39:43.673835 - Found JCLDM210.jcl (text/plain) in CBT.V508.FILE097.PDS, moved to PDS/JCLDM210
2025-04-08 01:39:43.675341 - Found JCLDM220.jcl (text/plain) in CBT.V508.FILE097.PDS, moved to PDS/JCLDM220
2025-04-08 01:39:43.676725 - Found JCLDM230.jcl (text/plain) in CBT.V508.FILE097.PDS, moved to PDS/JCLDM230
2025-04-08 01:39:43.678067 - Found JCLDM299.jcl (text/plain) in CBT.V508.FILE097.PDS, moved to PDS/JCLDM299
2025-04-08 01:39:43.679433 - Found JCLDM300.jcl (text/plain) in CBT.V508.FILE097.PDS, moved to PDS/JCLDM300
2025-04-08 01:39:43.680893 - Found JCLDM310.jcl (text/plain) in CBT.V508.FILE097.PDS, moved to PDS/JCLDM310
2025-04-08 01:39:43.682322 - Found JCLDM315.jcl (text/plain) in CBT.V508.FILE097.PDS, moved to PDS/JCLDM315
2025-04-08 01:39:43.683742 - Found JCLDM320.jcl (text/plain) in CBT.V508.FILE097.PDS, moved to PDS/JCLDM320
2025-04-08 01:39:43.685074 - Found JCLDM330.jcl (text/plain) in CBT.V508.FILE097.PDS, moved to PDS/JCLDM330
2025-04-08 01:39:43.686436 - Found JCLDM340.jcl (text/plain) in CBT.V508.FILE097.PDS, moved to PDS/JCLDM340
2025-04-08 01:39:43.687770 - Found JCLDM350.jcl (text/plain) in CBT.V508.FILE097.PDS, moved to PDS/JCLDM350
2025-04-08 01:39:43.689300 - Found JCLDM360.jcl (text/plain) in CBT.V508.FILE097.PDS, moved to PDS/JCLDM360
2025-04-08 01:39:43.690819 - Found JCLDM370.jcl (text/plain) in CBT.V508.FILE097.PDS, moved to PDS/JCLDM370
2025-04-08 01:39:43.692252 - Found JCLDM380.jcl (text/plain) in CBT.V508.FILE097.PDS, moved to PDS/JCLDM380
2025-04-08 01:39:43.693526 - Found JCLDM390.jcl (text/plain) in CBT.V508.FILE097.PDS, moved to PDS/JCLDM390
2025-04-08 01:39:43.695168 - Found JGDATE.txt (text/plain) in CBT.V508.FILE097.PDS, moved to PDS/JGDATE
2025-04-08 01:39:43.696725 - Found PDSLIST.jcl (text/plain) in CBT.V508.FILE097.PDS, moved to PDS/PDSLIST
2025-04-08 01:39:43.698292 - Found PRCDM200.txt (text/plain) in CBT.V508.FILE097.PDS, moved to PDS/PRCDM200
2025-04-08 01:39:43.699808 - Found PRCDM203.txt (text/plain) in CBT.V508.FILE097.PDS, moved to PDS/PRCDM203
2025-04-08 01:39:43.701140 - Found PRCDM206.txt (text/plain) in CBT.V508.FILE097.PDS, moved to PDS/PRCDM206
2025-04-08 01:39:43.702751 - Found PRCDM210.txt (text/plain) in CBT.V508.FILE097.PDS, moved to PDS/PRCDM210
2025-04-08 01:39:43.704402 - Found PRCDM220.txt (text/plain) in CBT.V508.FILE097.PDS, moved to PDS/PRCDM220
2025-04-08 01:39:43.705728 - Found PRCDM230.txt (text/plain) in CBT.V508.FILE097.PDS, moved to PDS/PRCDM230
2025-04-08 01:39:43.707240 - Found PRCDM299.txt (text/plain) in CBT.V508.FILE097.PDS, moved to PDS/PRCDM299
2025-04-08 01:39:43.708610 - Found PRCDM300.txt (text/plain) in CBT.V508.FILE097.PDS, moved to PDS/PRCDM300
2025-04-08 01:39:43.709873 - Found PRCDM310.txt (text/plain) in CBT.V508.FILE097.PDS, moved to PDS/PRCDM310
2025-04-08 01:39:43.711224 - Found PRCDM315.txt (text/plain) in CBT.V508.FILE097.PDS, moved to PDS/PRCDM315
2025-04-08 01:39:43.712748 - Found PRCDM320.txt (text/plain) in CBT.V508.FILE097.PDS, moved to PDS/PRCDM320
2025-04-08 01:39:43.714060 - Found PRCDM330.txt (text/plain) in CBT.V508.FILE097.PDS, moved to PDS/PRCDM330
2025-04-08 01:39:43.715675 - Found PRCDM340.txt (text/plain) in CBT.V508.FILE097.PDS, moved to PDS/PRCDM340
2025-04-08 01:39:43.717034 - Found PRCDM350.txt (text/plain) in CBT.V508.FILE097.PDS, moved to PDS/PRCDM350
2025-04-08 01:39:43.718407 - Found PRCDM360.txt (text/plain) in CBT.V508.FILE097.PDS, moved to PDS/PRCDM360
2025-04-08 01:39:43.719746 - Found PRCDM370.txt (text/plain) in CBT.V508.FILE097.PDS, moved to PDS/PRCDM370
2025-04-08 01:39:43.721103 - Found PRCDM380.txt (text/plain) in CBT.V508.FILE097.PDS, moved to PDS/PRCDM380
2025-04-08 01:39:43.722581 - Found PRCDM390.txt (text/plain) in CBT.V508.FILE097.PDS, moved to PDS/PRCDM390
2025-04-08 01:39:43.723902 - Found USERDUMP.txt (text/plain) in CBT.V508.FILE097.PDS, moved to PDS/USERDUMP
2025-04-08 01:39:43.725154 - Found VVDSLIS$.jcl (text/plain) in CBT.V508.FILE097.PDS, moved to PDS/VVDSLIS$
2025-04-08 01:39:43.727077 - Found VVDSLIST.txt (text/plain) in CBT.V508.FILE097.PDS, moved to PDS/VVDSLIST
2025-04-08 01:39:43.728957 - Found VVDSLIS1.txt (text/plain) in CBT.V508.FILE097.PDS, moved to PDS/VVDSLIS1
2025-04-08 01:39:43.730337 - Found VVDSTES1.jcl (text/plain) in CBT.V508.FILE097.PDS, moved to PDS/VVDSTES1
2025-04-08 01:39:43.731662 - Found VVDSTES2.jcl (text/plain) in CBT.V508.FILE097.PDS, moved to PDS/VVDSTES2
